<?xml version="1.0" encoding="UTF-8"?>
<testsuite name="org.opentcs.kernelcontrolcenter.KernelControlCenterApplicationTest" tests="3" skipped="0" failures="0" errors="0" timestamp="2019-03-15T05:47:15" hostname="fuzy" time="1.588">
  <properties/>
  <testcase name="shouldOnlyConnectOnce" classname="org.opentcs.kernelcontrolcenter.KernelControlCenterApplicationTest" time="1.582"/>
  <testcase name="onlyInitializeOnce" classname="org.opentcs.kernelcontrolcenter.KernelControlCenterApplicationTest" time="0.002"/>
  <testcase name="onlyTerminateOnce" classname="org.opentcs.kernelcontrolcenter.KernelControlCenterApplicationTest" time="0.004"/>
  <system-out><![CDATA[]]></system-out>
  <system-err><![CDATA[三月 15, 2019 1:47:16 下午 org.opentcs.kernelcontrolcenter.KernelControlCenterApplication online
信息: Switching application state to online...
]]></system-err>
</testsuite>
