<?xml version="1.0" encoding="UTF-8"?>
<testsuite name="org.opentcs.kernel.extensions.servicewebapi.v1.status.filter.TransportOrderFilterTest" tests="2" skipped="0" failures="0" errors="0" timestamp="2019-03-15T05:47:08" hostname="fuzy" time="0.001">
  <properties/>
  <testcase name="detectsIntendedVehicle1" classname="org.opentcs.kernel.extensions.servicewebapi.v1.status.filter.TransportOrderFilterTest" time="0.001"/>
  <testcase name="acceptsAllForNoParams" classname="org.opentcs.kernel.extensions.servicewebapi.v1.status.filter.TransportOrderFilterTest" time="0.0"/>
  <system-out><![CDATA[]]></system-out>
  <system-err><![CDATA[]]></system-err>
</testsuite>
