<?xml version="1.0" encoding="UTF-8"?>
<testsuite name="org.opentcs.kernel.extensions.servicewebapi.v1.status.StatusEventDispatcherTest" tests="3" skipped="0" failures="0" errors="0" timestamp="2019-03-15T05:47:08" hostname="fuzy" time="0.481">
  <properties/>
  <testcase name="returnEmptyListIfThereWereNoEvents" classname="org.opentcs.kernel.extensions.servicewebapi.v1.status.StatusEventDispatcherTest" time="0.417"/>
  <testcase name="respectConfiguredCapacity" classname="org.opentcs.kernel.extensions.servicewebapi.v1.status.StatusEventDispatcherTest" time="0.062"/>
  <testcase name="keepAllEventsIfLessThanCapacity" classname="org.opentcs.kernel.extensions.servicewebapi.v1.status.StatusEventDispatcherTest" time="0.002"/>
  <system-out><![CDATA[]]></system-out>
  <system-err><![CDATA[]]></system-err>
</testsuite>
