<?xml version="1.0" encoding="UTF-8"?>
<testsuite name="org.opentcs.guing.components.properties.type.AnglePropertyTest" tests="7" skipped="0" failures="0" errors="0" timestamp="2019-03-15T05:47:29" hostname="fuzy" time="0.18">
  <properties/>
  <testcase name="shouldStayInRangeDeg" classname="org.opentcs.guing.components.properties.type.AnglePropertyTest" time="0.0"/>
  <testcase name="shouldStayInRangeRad" classname="org.opentcs.guing.components.properties.type.AnglePropertyTest" time="0.0"/>
  <testcase name="testPropertyConversionRadToDeg" classname="org.opentcs.guing.components.properties.type.AnglePropertyTest" time="0.001"/>
  <testcase name="testPropertyConversionDegToRad" classname="org.opentcs.guing.components.properties.type.AnglePropertyTest" time="0.001"/>
  <testcase name="testPropertyRange" classname="org.opentcs.guing.components.properties.type.AnglePropertyTest" time="0.0"/>
  <testcase name="testValidUnits(String)[1]" classname="org.opentcs.guing.components.properties.type.AnglePropertyTest" time="0.0"/>
  <testcase name="testValidUnits(String)[2]" classname="org.opentcs.guing.components.properties.type.AnglePropertyTest" time="0.001"/>
  <system-out><![CDATA[]]></system-out>
  <system-err><![CDATA[]]></system-err>
</testsuite>
