<?xml version="1.0" encoding="UTF-8"?>
<testsuite name="org.opentcs.guing.components.properties.type.PercentPropertyTest" tests="1" skipped="0" failures="0" errors="0" timestamp="2019-03-15T05:47:29" hostname="fuzy" time="0.0">
  <properties/>
  <testcase name="testPropertyRange" classname="org.opentcs.guing.components.properties.type.PercentPropertyTest" time="0.0"/>
  <system-out><![CDATA[]]></system-out>
  <system-err><![CDATA[]]></system-err>
</testsuite>
