<?xml version="1.0" encoding="UTF-8"?>
<testsuite name="org.opentcs.guing.components.properties.type.LengthPropertyTest" tests="9" skipped="0" failures="0" errors="0" timestamp="2019-03-15T05:47:29" hostname="fuzy" time="0.176">
  <properties/>
  <testcase name="testPropertyRange" classname="org.opentcs.guing.components.properties.type.LengthPropertyTest" time="0.001"/>
  <testcase name="testPropertyConversion(Unit, Object)[1]" classname="org.opentcs.guing.components.properties.type.LengthPropertyTest" time="0.001"/>
  <testcase name="testPropertyConversion(Unit, Object)[2]" classname="org.opentcs.guing.components.properties.type.LengthPropertyTest" time="0.001"/>
  <testcase name="testPropertyConversion(Unit, Object)[3]" classname="org.opentcs.guing.components.properties.type.LengthPropertyTest" time="0.001"/>
  <testcase name="testPropertyConversion(Unit, Object)[4]" classname="org.opentcs.guing.components.properties.type.LengthPropertyTest" time="0.001"/>
  <testcase name="testValidUnits(String)[1]" classname="org.opentcs.guing.components.properties.type.LengthPropertyTest" time="0.001"/>
  <testcase name="testValidUnits(String)[2]" classname="org.opentcs.guing.components.properties.type.LengthPropertyTest" time="0.001"/>
  <testcase name="testValidUnits(String)[3]" classname="org.opentcs.guing.components.properties.type.LengthPropertyTest" time="0.0"/>
  <testcase name="testValidUnits(String)[4]" classname="org.opentcs.guing.components.properties.type.LengthPropertyTest" time="0.001"/>
  <system-out><![CDATA[]]></system-out>
  <system-err><![CDATA[]]></system-err>
</testsuite>
