<?xml version="1.0" encoding="UTF-8"?>
<testsuite name="org.opentcs.strategies.basic.dispatching.phase.assignment.priorization.CompositeOrderComparatorTest" tests="3" skipped="0" failures="0" errors="0" timestamp="2019-03-15T05:47:35" hostname="fuzy" time="0.457">
  <properties/>
  <testcase name="sortsByAgeAndName" classname="org.opentcs.strategies.basic.dispatching.phase.assignment.priorization.CompositeOrderComparatorTest" time="0.455"/>
  <testcase name="sortsByAgeAndNameAndDeadline" classname="org.opentcs.strategies.basic.dispatching.phase.assignment.priorization.CompositeOrderComparatorTest" time="0.002"/>
  <testcase name="sortNamesUpForOtherwiseEqualInstances" classname="org.opentcs.strategies.basic.dispatching.phase.assignment.priorization.CompositeOrderComparatorTest" time="0.0"/>
  <system-out><![CDATA[]]></system-out>
  <system-err><![CDATA[]]></system-err>
</testsuite>
