<?xml version="1.0" encoding="UTF-8"?>
<testsuite name="org.opentcs.strategies.basic.dispatching.phase.assignment.priorization.CandidateComparatorByOrderNameTest" tests="1" skipped="0" failures="0" errors="0" timestamp="2019-03-15T05:47:35" hostname="fuzy" time="0.0">
  <properties/>
  <testcase name="sortCandidatesAlphabeticallyByOrderName" classname="org.opentcs.strategies.basic.dispatching.phase.assignment.priorization.CandidateComparatorByOrderNameTest" time="0.0"/>
  <system-out><![CDATA[]]></system-out>
  <system-err><![CDATA[]]></system-err>
</testsuite>
