<?xml version="1.0" encoding="UTF-8"?>
<testsuite name="org.opentcs.strategies.basic.dispatching.CompositeTransportOrderSelectionFilterTest" tests="4" skipped="0" failures="0" errors="0" timestamp="2019-03-15T05:47:35" hostname="fuzy" time="0.002">
  <properties/>
  <testcase name="shouldFilterNoTransportOrders" classname="org.opentcs.strategies.basic.dispatching.CompositeTransportOrderSelectionFilterTest" time="0.0"/>
  <testcase name="shouldFilterTransportOrdersContainingOrder" classname="org.opentcs.strategies.basic.dispatching.CompositeTransportOrderSelectionFilterTest" time="0.0"/>
  <testcase name="shouldFilterTransportOrdersContainingTransport" classname="org.opentcs.strategies.basic.dispatching.CompositeTransportOrderSelectionFilterTest" time="0.0"/>
  <testcase name="shouldFilterTransportOrdersContainingTransportOrOrder" classname="org.opentcs.strategies.basic.dispatching.CompositeTransportOrderSelectionFilterTest" time="0.001"/>
  <system-out><![CDATA[]]></system-out>
  <system-err><![CDATA[]]></system-err>
</testsuite>
