<?xml version="1.0" encoding="UTF-8"?>
<testsuite name="org.opentcs.strategies.basic.dispatching.phase.recharging.DefaultRechargePositionSupplierTest" tests="3" skipped="0" failures="0" errors="0" timestamp="2019-03-15T05:47:35" hostname="fuzy" time="0.013">
  <properties/>
  <testcase name="findExistingRechargePosition" classname="org.opentcs.strategies.basic.dispatching.phase.recharging.DefaultRechargePositionSupplierTest" time="0.011"/>
  <testcase name="returnsEmptyListIfNoRechargePositionExists" classname="org.opentcs.strategies.basic.dispatching.phase.recharging.DefaultRechargePositionSupplierTest" time="0.001"/>
  <testcase name="returnsEmptyListIfAssignedRechargePositionDoesNotExist" classname="org.opentcs.strategies.basic.dispatching.phase.recharging.DefaultRechargePositionSupplierTest" time="0.001"/>
  <system-out><![CDATA[]]></system-out>
  <system-err><![CDATA[]]></system-err>
</testsuite>
