<?xml version="1.0" encoding="UTF-8"?>
<testsuite name="org.opentcs.strategies.basic.dispatching.phase.parking.ParkingPositionPriorityComparatorTest" tests="3" skipped="0" failures="0" errors="0" timestamp="2019-03-15T05:47:35" hostname="fuzy" time="0.003">
  <properties/>
  <testcase name="prefersPrioritizedParkingPositions" classname="org.opentcs.strategies.basic.dispatching.phase.parking.ParkingPositionPriorityComparatorTest" time="0.002"/>
  <testcase name="treatsSamePrioritiesEqually" classname="org.opentcs.strategies.basic.dispatching.phase.parking.ParkingPositionPriorityComparatorTest" time="0.0"/>
  <testcase name="prefersSmallerPriorityIntegers" classname="org.opentcs.strategies.basic.dispatching.phase.parking.ParkingPositionPriorityComparatorTest" time="0.0"/>
  <system-out><![CDATA[]]></system-out>
  <system-err><![CDATA[]]></system-err>
</testsuite>
