<?xml version="1.0" encoding="UTF-8"?>
<testsuite name="org.opentcs.strategies.basic.dispatching.phase.assignment.priorization.CandidateComparatorIdleFirstTest" tests="1" skipped="0" failures="0" errors="0" timestamp="2019-03-15T05:47:35" hostname="fuzy" time="0.004">
  <properties/>
  <testcase name="sortVehiclesIdleFirst" classname="org.opentcs.strategies.basic.dispatching.phase.assignment.priorization.CandidateComparatorIdleFirstTest" time="0.004"/>
  <system-out><![CDATA[]]></system-out>
  <system-err><![CDATA[]]></system-err>
</testsuite>
