<?xml version="1.0" encoding="UTF-8"?>
<testsuite name="org.opentcs.guing.components.properties.table.QuantityCellEditorTest" tests="8" skipped="0" failures="0" errors="0" timestamp="2019-03-15T05:47:24" hostname="fuzy" time="2.449">
  <properties/>
  <testcase name="disallowUnknownUnit" classname="org.opentcs.guing.components.properties.table.QuantityCellEditorTest" time="2.423"/>
  <testcase name="disallowWrongFormat" classname="org.opentcs.guing.components.properties.table.QuantityCellEditorTest" time="0.003"/>
  <testcase name="testPropertyTextFieldContent" classname="org.opentcs.guing.components.properties.table.QuantityCellEditorTest" time="0.002"/>
  <testcase name="disallowCharactersInValue" classname="org.opentcs.guing.components.properties.table.QuantityCellEditorTest" time="0.003"/>
  <testcase name="disallowValueOutOfRange" classname="org.opentcs.guing.components.properties.table.QuantityCellEditorTest" time="0.008"/>
  <testcase name="allowValueInRange" classname="org.opentcs.guing.components.properties.table.QuantityCellEditorTest" time="0.004"/>
  <testcase name="disallowEmptyInputString" classname="org.opentcs.guing.components.properties.table.QuantityCellEditorTest" time="0.003"/>
  <testcase name="allowKnownUnit" classname="org.opentcs.guing.components.properties.table.QuantityCellEditorTest" time="0.002"/>
  <system-out><![CDATA[]]></system-out>
  <system-err><![CDATA[]]></system-err>
</testsuite>
