<?xml version="1.0" encoding="UTF-8"?>
<testsuite name="org.opentcs.guing.components.properties.type.MergedPropertySuggestionsTest" tests="3" skipped="0" failures="0" errors="0" timestamp="2019-03-15T05:47:24" hostname="fuzy" time="0.011">
  <properties/>
  <testcase name="shouldRemainEmptyForEmptySuggestions" classname="org.opentcs.guing.components.properties.type.MergedPropertySuggestionsTest" time="0.003"/>
  <testcase name="shouldRemainEmptyForNoSuggestions" classname="org.opentcs.guing.components.properties.type.MergedPropertySuggestionsTest" time="0.0"/>
  <testcase name="shouldMergeSuggestions" classname="org.opentcs.guing.components.properties.type.MergedPropertySuggestionsTest" time="0.008"/>
  <system-out><![CDATA[]]></system-out>
  <system-err><![CDATA[]]></system-err>
</testsuite>
