<?xml version="1.0" encoding="UTF-8"?>
<testsuite name="org.opentcs.util.eventsystem.SynchronousEventHubTest" tests="4" skipped="0" failures="0" errors="0" timestamp="2019-03-15T05:46:47" hostname="fuzy" time="0.098">
  <properties/>
  <testcase name="shouldNotDeliverToUnregisteredListener" classname="org.opentcs.util.eventsystem.SynchronousEventHubTest" time="0.043"/>
  <testcase name="shouldDeliverToRegisteredListener" classname="org.opentcs.util.eventsystem.SynchronousEventHubTest" time="0.005"/>
  <testcase name="testAcceptingListener" classname="org.opentcs.util.eventsystem.SynchronousEventHubTest" time="0.049"/>
  <testcase name="testRefusingListener" classname="org.opentcs.util.eventsystem.SynchronousEventHubTest" time="0.001"/>
  <system-out><![CDATA[]]></system-out>
  <system-err><![CDATA[]]></system-err>
</testsuite>
