<?xml version="1.0" encoding="UTF-8"?>
<testsuite name="org.opentcs.access.rmi.services.RemoteServicesTest" tests="1" skipped="0" failures="0" errors="0" timestamp="2019-03-15T05:46:47" hostname="fuzy" time="0.006">
  <properties/>
  <testcase name="shouldMapAllMethodsInServiceInterfaces" classname="org.opentcs.access.rmi.services.RemoteServicesTest" time="0.006"/>
  <system-out><![CDATA[]]></system-out>
  <system-err><![CDATA[]]></system-err>
</testsuite>
