<?xml version="1.0" encoding="UTF-8"?>
<testsuite name="org.opentcs.util.gui.StringListCellRendererTest" tests="2" skipped="0" failures="0" errors="0" timestamp="2019-03-15T05:46:52" hostname="fuzy" time="0.376">
  <properties/>
  <testcase name="returnsNullForNullValue" classname="org.opentcs.util.gui.StringListCellRendererTest" time="0.371"/>
  <testcase name="returnsLabelWithNameAsText" classname="org.opentcs.util.gui.StringListCellRendererTest" time="0.005"/>
  <system-out><![CDATA[]]></system-out>
  <system-err><![CDATA[]]></system-err>
</testsuite>
