<?xml version="1.0" encoding="UTF-8"?>
<testsuite name="org.opentcs.util.NumberParsersTest" tests="205" skipped="0" failures="0" errors="0" timestamp="2019-03-15T05:46:54" hostname="fuzy" time="0.491">
  <properties/>
  <testcase name="parsesNumbers(long)[1]" classname="org.opentcs.util.NumberParsersTest" time="0.082"/>
  <testcase name="parsesNumbers(long)[2]" classname="org.opentcs.util.NumberParsersTest" time="0.001"/>
  <testcase name="parsesNumbers(long)[3]" classname="org.opentcs.util.NumberParsersTest" time="0.001"/>
  <testcase name="parsesNumbers(long)[4]" classname="org.opentcs.util.NumberParsersTest" time="0.001"/>
  <testcase name="parsesNumbers(long)[5]" classname="org.opentcs.util.NumberParsersTest" time="0.001"/>
  <testcase name="parsesNumbers(long)[6]" classname="org.opentcs.util.NumberParsersTest" time="0.001"/>
  <testcase name="parsesNumbers(long)[7]" classname="org.opentcs.util.NumberParsersTest" time="0.001"/>
  <testcase name="parsesNumbers(long)[8]" classname="org.opentcs.util.NumberParsersTest" time="0.001"/>
  <testcase name="parsesNumbers(long)[9]" classname="org.opentcs.util.NumberParsersTest" time="0.004"/>
  <testcase name="parsesNumbers(long)[10]" classname="org.opentcs.util.NumberParsersTest" time="0.001"/>
  <testcase name="parsesNumbers(long)[11]" classname="org.opentcs.util.NumberParsersTest" time="0.005"/>
  <testcase name="parsesNumbers(long)[12]" classname="org.opentcs.util.NumberParsersTest" time="0.002"/>
  <testcase name="parsesNumbers(long)[13]" classname="org.opentcs.util.NumberParsersTest" time="0.001"/>
  <testcase name="parsesNumbers(long)[14]" classname="org.opentcs.util.NumberParsersTest" time="0.001"/>
  <testcase name="parsesNumbers(long)[15]" classname="org.opentcs.util.NumberParsersTest" time="0.001"/>
  <testcase name="parsesNumbers(long)[16]" classname="org.opentcs.util.NumberParsersTest" time="0.003"/>
  <testcase name="parsesNumbers(long)[17]" classname="org.opentcs.util.NumberParsersTest" time="0.0"/>
  <testcase name="parsesNumbers(long)[18]" classname="org.opentcs.util.NumberParsersTest" time="0.0"/>
  <testcase name="parsesNumbers(long)[19]" classname="org.opentcs.util.NumberParsersTest" time="0.0"/>
  <testcase name="parsesNumbers(long)[20]" classname="org.opentcs.util.NumberParsersTest" time="0.0"/>
  <testcase name="parsesNumbers(long)[21]" classname="org.opentcs.util.NumberParsersTest" time="0.001"/>
  <testcase name="parsesNumbers(long)[22]" classname="org.opentcs.util.NumberParsersTest" time="0.001"/>
  <testcase name="parsesNumbers(long)[23]" classname="org.opentcs.util.NumberParsersTest" time="0.001"/>
  <testcase name="parsesNumbers(long)[24]" classname="org.opentcs.util.NumberParsersTest" time="0.001"/>
  <testcase name="parsesNumbers(long)[25]" classname="org.opentcs.util.NumberParsersTest" time="0.001"/>
  <testcase name="parsesNumbers(long)[26]" classname="org.opentcs.util.NumberParsersTest" time="0.0"/>
  <testcase name="parsesNumbers(long)[27]" classname="org.opentcs.util.NumberParsersTest" time="0.0"/>
  <testcase name="parsesNumbers(long)[28]" classname="org.opentcs.util.NumberParsersTest" time="0.0"/>
  <testcase name="parsesNumbers(long)[29]" classname="org.opentcs.util.NumberParsersTest" time="0.0"/>
  <testcase name="parsesNumbers(long)[30]" classname="org.opentcs.util.NumberParsersTest" time="0.0"/>
  <testcase name="parsesNumbers(long)[31]" classname="org.opentcs.util.NumberParsersTest" time="0.0"/>
  <testcase name="parsesNumbers(long)[32]" classname="org.opentcs.util.NumberParsersTest" time="0.0"/>
  <testcase name="parsesNumbers(long)[33]" classname="org.opentcs.util.NumberParsersTest" time="0.0"/>
  <testcase name="parsesNumbers(long)[34]" classname="org.opentcs.util.NumberParsersTest" time="0.001"/>
  <testcase name="parsesNumbers(long)[35]" classname="org.opentcs.util.NumberParsersTest" time="0.0"/>
  <testcase name="parsesNumbers(long)[36]" classname="org.opentcs.util.NumberParsersTest" time="0.0"/>
  <testcase name="parsesNumbers(long)[37]" classname="org.opentcs.util.NumberParsersTest" time="0.0"/>
  <testcase name="parsesNumbers(long)[38]" classname="org.opentcs.util.NumberParsersTest" time="0.0"/>
  <testcase name="parsesNumbers(long)[39]" classname="org.opentcs.util.NumberParsersTest" time="0.001"/>
  <testcase name="parsesNumbers(long)[40]" classname="org.opentcs.util.NumberParsersTest" time="0.0"/>
  <testcase name="parsesNumbers(long)[41]" classname="org.opentcs.util.NumberParsersTest" time="0.001"/>
  <testcase name="parsesNumbers(long)[42]" classname="org.opentcs.util.NumberParsersTest" time="0.001"/>
  <testcase name="parsesNumbers(long)[43]" classname="org.opentcs.util.NumberParsersTest" time="0.0"/>
  <testcase name="parsesNumbers(long)[44]" classname="org.opentcs.util.NumberParsersTest" time="0.0"/>
  <testcase name="parsesNumbers(long)[45]" classname="org.opentcs.util.NumberParsersTest" time="0.0"/>
  <testcase name="parsesNumbers(long)[46]" classname="org.opentcs.util.NumberParsersTest" time="0.0"/>
  <testcase name="parsesNumbers(long)[47]" classname="org.opentcs.util.NumberParsersTest" time="0.001"/>
  <testcase name="parsesNumbers(long)[48]" classname="org.opentcs.util.NumberParsersTest" time="0.001"/>
  <testcase name="parsesNumbers(long)[49]" classname="org.opentcs.util.NumberParsersTest" time="0.0"/>
  <testcase name="parsesNumbers(long)[50]" classname="org.opentcs.util.NumberParsersTest" time="0.001"/>
  <testcase name="parsesNumbers(long)[51]" classname="org.opentcs.util.NumberParsersTest" time="0.0"/>
  <testcase name="parsesNumbers(long)[52]" classname="org.opentcs.util.NumberParsersTest" time="0.0"/>
  <testcase name="parsesNumbers(long)[53]" classname="org.opentcs.util.NumberParsersTest" time="0.0"/>
  <testcase name="parsesNumbers(long)[54]" classname="org.opentcs.util.NumberParsersTest" time="0.0"/>
  <testcase name="parsesNumbers(long)[55]" classname="org.opentcs.util.NumberParsersTest" time="0.001"/>
  <testcase name="parsesNumbers(long)[56]" classname="org.opentcs.util.NumberParsersTest" time="0.0"/>
  <testcase name="parsesNumbers(long)[57]" classname="org.opentcs.util.NumberParsersTest" time="0.0"/>
  <testcase name="parsesNumbers(long)[58]" classname="org.opentcs.util.NumberParsersTest" time="0.001"/>
  <testcase name="parsesNumbers(long)[59]" classname="org.opentcs.util.NumberParsersTest" time="0.0"/>
  <testcase name="parsesNumbers(long)[60]" classname="org.opentcs.util.NumberParsersTest" time="0.0"/>
  <testcase name="parsesNumbers(long)[61]" classname="org.opentcs.util.NumberParsersTest" time="0.001"/>
  <testcase name="parsesNumbers(long)[62]" classname="org.opentcs.util.NumberParsersTest" time="0.0"/>
  <testcase name="parsesNumbers(long)[63]" classname="org.opentcs.util.NumberParsersTest" time="0.0"/>
  <testcase name="parsesNumbers(long)[64]" classname="org.opentcs.util.NumberParsersTest" time="0.0"/>
  <testcase name="parsesNumbers(long)[65]" classname="org.opentcs.util.NumberParsersTest" time="0.0"/>
  <testcase name="parsesNumbers(long)[66]" classname="org.opentcs.util.NumberParsersTest" time="0.0"/>
  <testcase name="parsesNumbers(long)[67]" classname="org.opentcs.util.NumberParsersTest" time="0.001"/>
  <testcase name="parsesNumbers(long)[68]" classname="org.opentcs.util.NumberParsersTest" time="0.0"/>
  <testcase name="parsesNumbers(long)[69]" classname="org.opentcs.util.NumberParsersTest" time="0.0"/>
  <testcase name="parsesNumbers(long)[70]" classname="org.opentcs.util.NumberParsersTest" time="0.001"/>
  <testcase name="parsesNumbers(long)[71]" classname="org.opentcs.util.NumberParsersTest" time="0.0"/>
  <testcase name="parsesNumbers(long)[72]" classname="org.opentcs.util.NumberParsersTest" time="0.0"/>
  <testcase name="parsesNumbers(long)[73]" classname="org.opentcs.util.NumberParsersTest" time="0.0"/>
  <testcase name="parsesNumbers(long)[74]" classname="org.opentcs.util.NumberParsersTest" time="0.0"/>
  <testcase name="parsesNumbers(long)[75]" classname="org.opentcs.util.NumberParsersTest" time="0.001"/>
  <testcase name="parsesNumbers(long)[76]" classname="org.opentcs.util.NumberParsersTest" time="0.0"/>
  <testcase name="parsesNumbers(long)[77]" classname="org.opentcs.util.NumberParsersTest" time="0.002"/>
  <testcase name="parsesNumbers(long)[78]" classname="org.opentcs.util.NumberParsersTest" time="0.0"/>
  <testcase name="parsesNumbers(long)[79]" classname="org.opentcs.util.NumberParsersTest" time="0.001"/>
  <testcase name="parsesNumbers(long)[80]" classname="org.opentcs.util.NumberParsersTest" time="0.0"/>
  <testcase name="parsesNumbers(long)[81]" classname="org.opentcs.util.NumberParsersTest" time="0.0"/>
  <testcase name="parsesNumbers(long)[82]" classname="org.opentcs.util.NumberParsersTest" time="0.0"/>
  <testcase name="parsesNumbers(long)[83]" classname="org.opentcs.util.NumberParsersTest" time="0.0"/>
  <testcase name="parsesNumbers(long)[84]" classname="org.opentcs.util.NumberParsersTest" time="0.001"/>
  <testcase name="parsesNumbers(long)[85]" classname="org.opentcs.util.NumberParsersTest" time="0.0"/>
  <testcase name="parsesNumbers(long)[86]" classname="org.opentcs.util.NumberParsersTest" time="0.0"/>
  <testcase name="parsesNumbers(long)[87]" classname="org.opentcs.util.NumberParsersTest" time="0.001"/>
  <testcase name="parsesNumbers(long)[88]" classname="org.opentcs.util.NumberParsersTest" time="0.0"/>
  <testcase name="parsesNumbers(long)[89]" classname="org.opentcs.util.NumberParsersTest" time="0.0"/>
  <testcase name="parsesNumbers(long)[90]" classname="org.opentcs.util.NumberParsersTest" time="0.001"/>
  <testcase name="parsesNumbers(long)[91]" classname="org.opentcs.util.NumberParsersTest" time="0.0"/>
  <testcase name="parsesNumbers(long)[92]" classname="org.opentcs.util.NumberParsersTest" time="0.001"/>
  <testcase name="parsesNumbers(long)[93]" classname="org.opentcs.util.NumberParsersTest" time="0.0"/>
  <testcase name="parsesNumbers(long)[94]" classname="org.opentcs.util.NumberParsersTest" time="0.0"/>
  <testcase name="parsesNumbers(long)[95]" classname="org.opentcs.util.NumberParsersTest" time="0.001"/>
  <testcase name="parsesNumbers(long)[96]" classname="org.opentcs.util.NumberParsersTest" time="0.0"/>
  <testcase name="parsesNumbers(long)[97]" classname="org.opentcs.util.NumberParsersTest" time="0.001"/>
  <testcase name="parsesNumbers(long)[98]" classname="org.opentcs.util.NumberParsersTest" time="0.0"/>
  <testcase name="parsesNumbers(long)[99]" classname="org.opentcs.util.NumberParsersTest" time="0.0"/>
  <testcase name="parsesNumbers(long)[100]" classname="org.opentcs.util.NumberParsersTest" time="0.0"/>
  <testcase name="parsesNumbers(long)[101]" classname="org.opentcs.util.NumberParsersTest" time="0.0"/>
  <testcase name="parsesNumbers(long)[102]" classname="org.opentcs.util.NumberParsersTest" time="0.001"/>
  <testcase name="parsesNumbers(long)[103]" classname="org.opentcs.util.NumberParsersTest" time="0.0"/>
  <testcase name="parsesNumbers(long)[104]" classname="org.opentcs.util.NumberParsersTest" time="0.001"/>
  <testcase name="parsesNumbers(long)[105]" classname="org.opentcs.util.NumberParsersTest" time="0.0"/>
  <testcase name="parsesNumbers(long)[106]" classname="org.opentcs.util.NumberParsersTest" time="0.0"/>
  <testcase name="parsesNumbers(long)[107]" classname="org.opentcs.util.NumberParsersTest" time="0.001"/>
  <testcase name="parsesNumbers(long)[108]" classname="org.opentcs.util.NumberParsersTest" time="0.0"/>
  <testcase name="parsesNumbers(long)[109]" classname="org.opentcs.util.NumberParsersTest" time="0.0"/>
  <testcase name="parsesNumbers(long)[110]" classname="org.opentcs.util.NumberParsersTest" time="0.001"/>
  <testcase name="parsesNumbers(long)[111]" classname="org.opentcs.util.NumberParsersTest" time="0.0"/>
  <testcase name="parsesNumbers(long)[112]" classname="org.opentcs.util.NumberParsersTest" time="0.0"/>
  <testcase name="parsesNumbers(long)[113]" classname="org.opentcs.util.NumberParsersTest" time="0.001"/>
  <testcase name="parsesNumbers(long)[114]" classname="org.opentcs.util.NumberParsersTest" time="0.0"/>
  <testcase name="parsesNumbers(long)[115]" classname="org.opentcs.util.NumberParsersTest" time="0.001"/>
  <testcase name="parsesNumbers(long)[116]" classname="org.opentcs.util.NumberParsersTest" time="0.0"/>
  <testcase name="parsesNumbers(long)[117]" classname="org.opentcs.util.NumberParsersTest" time="0.0"/>
  <testcase name="parsesNumbers(long)[118]" classname="org.opentcs.util.NumberParsersTest" time="0.0"/>
  <testcase name="parsesNumbers(long)[119]" classname="org.opentcs.util.NumberParsersTest" time="0.0"/>
  <testcase name="parsesNumbers(long)[120]" classname="org.opentcs.util.NumberParsersTest" time="0.0"/>
  <testcase name="parsesNumbers(long)[121]" classname="org.opentcs.util.NumberParsersTest" time="0.0"/>
  <testcase name="parsesNumbers(long)[122]" classname="org.opentcs.util.NumberParsersTest" time="0.001"/>
  <testcase name="parsesNumbers(long)[123]" classname="org.opentcs.util.NumberParsersTest" time="0.0"/>
  <testcase name="parsesNumbers(long)[124]" classname="org.opentcs.util.NumberParsersTest" time="0.0"/>
  <testcase name="parsesNumbers(long)[125]" classname="org.opentcs.util.NumberParsersTest" time="0.0"/>
  <testcase name="parsesNumbers(long)[126]" classname="org.opentcs.util.NumberParsersTest" time="0.0"/>
  <testcase name="parsesNumbers(long)[127]" classname="org.opentcs.util.NumberParsersTest" time="0.0"/>
  <testcase name="parsesNumbers(long)[128]" classname="org.opentcs.util.NumberParsersTest" time="0.001"/>
  <testcase name="parsesNumbers(long)[129]" classname="org.opentcs.util.NumberParsersTest" time="0.0"/>
  <testcase name="parsesNumbers(long)[130]" classname="org.opentcs.util.NumberParsersTest" time="0.0"/>
  <testcase name="parsesNumbers(long)[131]" classname="org.opentcs.util.NumberParsersTest" time="0.001"/>
  <testcase name="parsesNumbers(long)[132]" classname="org.opentcs.util.NumberParsersTest" time="0.001"/>
  <testcase name="parsesNumbers(long)[133]" classname="org.opentcs.util.NumberParsersTest" time="0.0"/>
  <testcase name="parsesNumbers(long)[134]" classname="org.opentcs.util.NumberParsersTest" time="0.001"/>
  <testcase name="parsesNumbers(long)[135]" classname="org.opentcs.util.NumberParsersTest" time="0.0"/>
  <testcase name="parsesNumbers(long)[136]" classname="org.opentcs.util.NumberParsersTest" time="0.0"/>
  <testcase name="parsesNumbers(long)[137]" classname="org.opentcs.util.NumberParsersTest" time="0.0"/>
  <testcase name="parsesNumbers(long)[138]" classname="org.opentcs.util.NumberParsersTest" time="0.0"/>
  <testcase name="parsesNumbers(long)[139]" classname="org.opentcs.util.NumberParsersTest" time="0.001"/>
  <testcase name="parsesNumbers(long)[140]" classname="org.opentcs.util.NumberParsersTest" time="0.0"/>
  <testcase name="parsesNumbers(long)[141]" classname="org.opentcs.util.NumberParsersTest" time="0.0"/>
  <testcase name="parsesNumbers(long)[142]" classname="org.opentcs.util.NumberParsersTest" time="0.001"/>
  <testcase name="parsesNumbers(long)[143]" classname="org.opentcs.util.NumberParsersTest" time="0.001"/>
  <testcase name="parsesNumbers(long)[144]" classname="org.opentcs.util.NumberParsersTest" time="0.0"/>
  <testcase name="parsesNumbers(long)[145]" classname="org.opentcs.util.NumberParsersTest" time="0.0"/>
  <testcase name="parsesNumbers(long)[146]" classname="org.opentcs.util.NumberParsersTest" time="0.0"/>
  <testcase name="parsesNumbers(long)[147]" classname="org.opentcs.util.NumberParsersTest" time="0.0"/>
  <testcase name="parsesNumbers(long)[148]" classname="org.opentcs.util.NumberParsersTest" time="0.0"/>
  <testcase name="parsesNumbers(long)[149]" classname="org.opentcs.util.NumberParsersTest" time="0.0"/>
  <testcase name="parsesNumbers(long)[150]" classname="org.opentcs.util.NumberParsersTest" time="0.0"/>
  <testcase name="parsesNumbers(long)[151]" classname="org.opentcs.util.NumberParsersTest" time="0.001"/>
  <testcase name="parsesNumbers(long)[152]" classname="org.opentcs.util.NumberParsersTest" time="0.0"/>
  <testcase name="parsesNumbers(long)[153]" classname="org.opentcs.util.NumberParsersTest" time="0.0"/>
  <testcase name="parsesNumbers(long)[154]" classname="org.opentcs.util.NumberParsersTest" time="0.001"/>
  <testcase name="parsesNumbers(long)[155]" classname="org.opentcs.util.NumberParsersTest" time="0.0"/>
  <testcase name="parsesNumbers(long)[156]" classname="org.opentcs.util.NumberParsersTest" time="0.0"/>
  <testcase name="parsesNumbers(long)[157]" classname="org.opentcs.util.NumberParsersTest" time="0.0"/>
  <testcase name="parsesNumbers(long)[158]" classname="org.opentcs.util.NumberParsersTest" time="0.0"/>
  <testcase name="parsesNumbers(long)[159]" classname="org.opentcs.util.NumberParsersTest" time="0.0"/>
  <testcase name="parsesNumbers(long)[160]" classname="org.opentcs.util.NumberParsersTest" time="0.001"/>
  <testcase name="parsesNumbers(long)[161]" classname="org.opentcs.util.NumberParsersTest" time="0.0"/>
  <testcase name="parsesNumbers(long)[162]" classname="org.opentcs.util.NumberParsersTest" time="0.0"/>
  <testcase name="parsesNumbers(long)[163]" classname="org.opentcs.util.NumberParsersTest" time="0.001"/>
  <testcase name="parsesNumbers(long)[164]" classname="org.opentcs.util.NumberParsersTest" time="0.0"/>
  <testcase name="parsesNumbers(long)[165]" classname="org.opentcs.util.NumberParsersTest" time="0.0"/>
  <testcase name="parsesNumbers(long)[166]" classname="org.opentcs.util.NumberParsersTest" time="0.001"/>
  <testcase name="parsesNumbers(long)[167]" classname="org.opentcs.util.NumberParsersTest" time="0.0"/>
  <testcase name="parsesNumbers(long)[168]" classname="org.opentcs.util.NumberParsersTest" time="0.0"/>
  <testcase name="parsesNumbers(long)[169]" classname="org.opentcs.util.NumberParsersTest" time="0.0"/>
  <testcase name="parsesNumbers(long)[170]" classname="org.opentcs.util.NumberParsersTest" time="0.001"/>
  <testcase name="parsesNumbers(long)[171]" classname="org.opentcs.util.NumberParsersTest" time="0.001"/>
  <testcase name="parsesNumbers(long)[172]" classname="org.opentcs.util.NumberParsersTest" time="0.0"/>
  <testcase name="parsesNumbers(long)[173]" classname="org.opentcs.util.NumberParsersTest" time="0.0"/>
  <testcase name="parsesNumbers(long)[174]" classname="org.opentcs.util.NumberParsersTest" time="0.002"/>
  <testcase name="parsesNumbers(long)[175]" classname="org.opentcs.util.NumberParsersTest" time="0.0"/>
  <testcase name="parsesNumbers(long)[176]" classname="org.opentcs.util.NumberParsersTest" time="0.001"/>
  <testcase name="parsesNumbers(long)[177]" classname="org.opentcs.util.NumberParsersTest" time="0.001"/>
  <testcase name="parsesNumbers(long)[178]" classname="org.opentcs.util.NumberParsersTest" time="0.0"/>
  <testcase name="parsesNumbers(long)[179]" classname="org.opentcs.util.NumberParsersTest" time="0.001"/>
  <testcase name="parsesNumbers(long)[180]" classname="org.opentcs.util.NumberParsersTest" time="0.0"/>
  <testcase name="parsesNumbers(long)[181]" classname="org.opentcs.util.NumberParsersTest" time="0.0"/>
  <testcase name="parsesNumbers(long)[182]" classname="org.opentcs.util.NumberParsersTest" time="0.003"/>
  <testcase name="parsesNumbers(long)[183]" classname="org.opentcs.util.NumberParsersTest" time="0.0"/>
  <testcase name="parsesNumbers(long)[184]" classname="org.opentcs.util.NumberParsersTest" time="0.0"/>
  <testcase name="parsesNumbers(long)[185]" classname="org.opentcs.util.NumberParsersTest" time="0.0"/>
  <testcase name="parsesNumbers(long)[186]" classname="org.opentcs.util.NumberParsersTest" time="0.0"/>
  <testcase name="parsesNumbers(long)[187]" classname="org.opentcs.util.NumberParsersTest" time="0.001"/>
  <testcase name="parsesNumbers(long)[188]" classname="org.opentcs.util.NumberParsersTest" time="0.001"/>
  <testcase name="parsesNumbers(long)[189]" classname="org.opentcs.util.NumberParsersTest" time="0.001"/>
  <testcase name="parsesNumbers(long)[190]" classname="org.opentcs.util.NumberParsersTest" time="0.0"/>
  <testcase name="parsesNumbers(long)[191]" classname="org.opentcs.util.NumberParsersTest" time="0.0"/>
  <testcase name="parsesNumbers(long)[192]" classname="org.opentcs.util.NumberParsersTest" time="0.0"/>
  <testcase name="parsesNumbers(long)[193]" classname="org.opentcs.util.NumberParsersTest" time="0.0"/>
  <testcase name="parsesNumbers(long)[194]" classname="org.opentcs.util.NumberParsersTest" time="0.0"/>
  <testcase name="parsesNumbers(long)[195]" classname="org.opentcs.util.NumberParsersTest" time="0.0"/>
  <testcase name="parsesNumbers(long)[196]" classname="org.opentcs.util.NumberParsersTest" time="0.001"/>
  <testcase name="parsesNumbers(long)[197]" classname="org.opentcs.util.NumberParsersTest" time="0.0"/>
  <testcase name="parsesNumbers(long)[198]" classname="org.opentcs.util.NumberParsersTest" time="0.0"/>
  <testcase name="parsesNumbers(long)[199]" classname="org.opentcs.util.NumberParsersTest" time="0.003"/>
  <testcase name="parsesNumbers(long)[200]" classname="org.opentcs.util.NumberParsersTest" time="0.0"/>
  <testcase name="parsesNumbers(long)[201]" classname="org.opentcs.util.NumberParsersTest" time="0.0"/>
  <testcase name="parsesNumbers(long)[202]" classname="org.opentcs.util.NumberParsersTest" time="0.0"/>
  <testcase name="parsesNumbers(long)[203]" classname="org.opentcs.util.NumberParsersTest" time="0.0"/>
  <testcase name="parsesNumbers(long)[204]" classname="org.opentcs.util.NumberParsersTest" time="0.0"/>
  <testcase name="parsesNumbers(long)[205]" classname="org.opentcs.util.NumberParsersTest" time="0.0"/>
  <system-out><![CDATA[]]></system-out>
  <system-err><![CDATA[]]></system-err>
</testsuite>
