<?xml version="1.0" encoding="UTF-8"?>
<testsuite name="org.opentcs.util.ColorsTest" tests="2" skipped="0" failures="0" errors="0" timestamp="2019-03-15T05:46:54" hostname="fuzy" time="0.003">
  <properties/>
  <testcase name="testDecodeFromHexRGB" classname="org.opentcs.util.ColorsTest" time="0.001"/>
  <testcase name="testEncodeToHexRGB" classname="org.opentcs.util.ColorsTest" time="0.001"/>
  <system-out><![CDATA[]]></system-out>
  <system-err><![CDATA[]]></system-err>
</testsuite>
