<?xml version="1.0" encoding="UTF-8"?>
<testsuite name="org.opentcs.util.UniqueStringGeneratorTest" tests="4" skipped="0" failures="0" errors="0" timestamp="2019-03-15T05:46:52" hostname="fuzy" time="0.092">
  <properties/>
  <testcase name="shouldProvideConfiguredPatterns" classname="org.opentcs.util.UniqueStringGeneratorTest" time="0.047"/>
  <testcase name="testNullPrefix" classname="org.opentcs.util.UniqueStringGeneratorTest" time="0.001"/>
  <testcase name="testRepeatedGenerationWithAddition" classname="org.opentcs.util.UniqueStringGeneratorTest" time="0.037"/>
  <testcase name="testRepeatedGenerationWithoutModification" classname="org.opentcs.util.UniqueStringGeneratorTest" time="0.001"/>
  <system-out><![CDATA[]]></system-out>
  <system-err><![CDATA[]]></system-err>
</testsuite>
