<?xml version="1.0" encoding="UTF-8"?>
<testsuite name="org.opentcs.kernel.vehicles.DefaultVehicleControllerTest" tests="10" skipped="0" failures="0" errors="0" timestamp="2019-03-15T05:47:03" hostname="fuzy" time="0.255">
  <properties/>
  <testcase name="shouldForwardLoadHandlingDevicesChangeToKernel" classname="org.opentcs.kernel.vehicles.DefaultVehicleControllerTest" time="0.228"/>
  <testcase name="shouldHaveIdempotentEnabledState" classname="org.opentcs.kernel.vehicles.DefaultVehicleControllerTest" time="0.002"/>
  <testcase name="shouldForwardVehicleStateChangeToKernel" classname="org.opentcs.kernel.vehicles.DefaultVehicleControllerTest" time="0.002"/>
  <testcase name="shouldNotAcceptMultipleDriveOrders" classname="org.opentcs.kernel.vehicles.DefaultVehicleControllerTest" time="0.005"/>
  <testcase name="shouldForwardEnergyLevelChangeToKernel" classname="org.opentcs.kernel.vehicles.DefaultVehicleControllerTest" time="0.003"/>
  <testcase name="shouldForwardPrecisePositionChangeToKernel" classname="org.opentcs.kernel.vehicles.DefaultVehicleControllerTest" time="0.002"/>
  <testcase name="shouldFowardPositionChangeToKernel" classname="org.opentcs.kernel.vehicles.DefaultVehicleControllerTest" time="0.002"/>
  <testcase name="shouldForwardEventToBus" classname="org.opentcs.kernel.vehicles.DefaultVehicleControllerTest" time="0.002"/>
  <testcase name="shouldForwardAngleChangeToKernel" classname="org.opentcs.kernel.vehicles.DefaultVehicleControllerTest" time="0.002"/>
  <testcase name="shouldForwardAdapterStateChangeToKernel" classname="org.opentcs.kernel.vehicles.DefaultVehicleControllerTest" time="0.002"/>
  <system-out><![CDATA[]]></system-out>
  <system-err><![CDATA[]]></system-err>
</testsuite>
