<?xml version="1.0" encoding="UTF-8"?>
<testsuite name="org.opentcs.kernel.extensions.controlcenter.vehicles.AttachmentManagerTest" tests="5" skipped="0" failures="0" errors="0" timestamp="2019-03-15T05:47:03" hostname="fuzy" time="0.067">
  <properties/>
  <testcase name="shouldAoutoAttachToFirstAvailableAdapter" classname="org.opentcs.kernel.extensions.controlcenter.vehicles.AttachmentManagerTest" time="0.038"/>
  <testcase name="shouldDetachAdapterFromVehicle" classname="org.opentcs.kernel.extensions.controlcenter.vehicles.AttachmentManagerTest" time="0.011"/>
  <testcase name="shouldNotAttachUnknownVehicle" classname="org.opentcs.kernel.extensions.controlcenter.vehicles.AttachmentManagerTest" time="0.005"/>
  <testcase name="shouldAttachAdapterToVehicle" classname="org.opentcs.kernel.extensions.controlcenter.vehicles.AttachmentManagerTest" time="0.005"/>
  <testcase name="shoudAutoAttachAdapterToVehicle" classname="org.opentcs.kernel.extensions.controlcenter.vehicles.AttachmentManagerTest" time="0.005"/>
  <system-out><![CDATA[]]></system-out>
  <system-err><![CDATA[三月 15, 2019 1:47:03 下午 org.opentcs.kernel.extensions.controlcenter.vehicles.AttachmentManager autoAttachAdapterToVehicle
警告: Couldn't attach preferred adapter org.opentcs.kernel.extensions.controlcenter.vehicles.AttachmentManagerTest$SimpleCommAdapterFactory to Vehicle2.  Attaching first available adapter.
三月 15, 2019 1:47:03 下午 org.opentcs.kernel.extensions.controlcenter.vehicles.AttachmentManagerTest setUp
信息: Vehicle{name=Vehicle1, procState=UNAVAILABLE, integrationLevel=TO_BE_RESPECTED, state=UNKNOWN, energyLevel=100, currentPosition=null, precisePosition=null, orientationAngle=NaN, nextPosition=null, loadHandlingDevices=[], length=1000, adapterState=UNKNOWN, transportOrder=null, routeProgressIndex=-1, orderSequence=null, energyLevelGood=90, energyLevelCritical=30, energyLevelFullyRecharged=90, energyLevelSufficientlyRecharged=30, maxVelocity=1000, maxReverseVelocity=1000, rechargeOperation=CHARGE, processableCategories=[*]}
三月 15, 2019 1:47:03 下午 org.opentcs.kernel.extensions.controlcenter.vehicles.AttachmentManagerTest setUp
信息: Vehicle{name=Vehicle2, procState=UNAVAILABLE, integrationLevel=TO_BE_RESPECTED, state=UNKNOWN, energyLevel=100, currentPosition=null, precisePosition=null, orientationAngle=NaN, nextPosition=null, loadHandlingDevices=[], length=1000, adapterState=UNKNOWN, transportOrder=null, routeProgressIndex=-1, orderSequence=null, energyLevelGood=90, energyLevelCritical=30, energyLevelFullyRecharged=90, energyLevelSufficientlyRecharged=30, maxVelocity=1000, maxReverseVelocity=1000, rechargeOperation=CHARGE, processableCategories=[*]}
三月 15, 2019 1:47:03 下午 org.opentcs.kernel.extensions.controlcenter.vehicles.AttachmentManager autoAttachAdapterToVehicle
警告: Couldn't attach preferred adapter org.opentcs.kernel.extensions.controlcenter.vehicles.AttachmentManagerTest$SimpleCommAdapterFactory to Vehicle2.  Attaching first available adapter.
三月 15, 2019 1:47:03 下午 org.opentcs.kernel.extensions.controlcenter.vehicles.AttachmentManagerTest setUp
信息: Vehicle{name=Vehicle1, procState=UNAVAILABLE, integrationLevel=TO_BE_RESPECTED, state=UNKNOWN, energyLevel=100, currentPosition=null, precisePosition=null, orientationAngle=NaN, nextPosition=null, loadHandlingDevices=[], length=1000, adapterState=UNKNOWN, transportOrder=null, routeProgressIndex=-1, orderSequence=null, energyLevelGood=90, energyLevelCritical=30, energyLevelFullyRecharged=90, energyLevelSufficientlyRecharged=30, maxVelocity=1000, maxReverseVelocity=1000, rechargeOperation=CHARGE, processableCategories=[*]}
三月 15, 2019 1:47:03 下午 org.opentcs.kernel.extensions.controlcenter.vehicles.AttachmentManagerTest setUp
信息: Vehicle{name=Vehicle2, procState=UNAVAILABLE, integrationLevel=TO_BE_RESPECTED, state=UNKNOWN, energyLevel=100, currentPosition=null, precisePosition=null, orientationAngle=NaN, nextPosition=null, loadHandlingDevices=[], length=1000, adapterState=UNKNOWN, transportOrder=null, routeProgressIndex=-1, orderSequence=null, energyLevelGood=90, energyLevelCritical=30, energyLevelFullyRecharged=90, energyLevelSufficientlyRecharged=30, maxVelocity=1000, maxReverseVelocity=1000, rechargeOperation=CHARGE, processableCategories=[*]}
三月 15, 2019 1:47:03 下午 org.opentcs.kernel.extensions.controlcenter.vehicles.AttachmentManager autoAttachAdapterToVehicle
警告: Couldn't attach preferred adapter org.opentcs.kernel.extensions.controlcenter.vehicles.AttachmentManagerTest$SimpleCommAdapterFactory to Vehicle2.  Attaching first available adapter.
三月 15, 2019 1:47:03 下午 org.opentcs.kernel.extensions.controlcenter.vehicles.AttachmentManagerTest setUp
信息: Vehicle{name=Vehicle1, procState=UNAVAILABLE, integrationLevel=TO_BE_RESPECTED, state=UNKNOWN, energyLevel=100, currentPosition=null, precisePosition=null, orientationAngle=NaN, nextPosition=null, loadHandlingDevices=[], length=1000, adapterState=UNKNOWN, transportOrder=null, routeProgressIndex=-1, orderSequence=null, energyLevelGood=90, energyLevelCritical=30, energyLevelFullyRecharged=90, energyLevelSufficientlyRecharged=30, maxVelocity=1000, maxReverseVelocity=1000, rechargeOperation=CHARGE, processableCategories=[*]}
三月 15, 2019 1:47:03 下午 org.opentcs.kernel.extensions.controlcenter.vehicles.AttachmentManagerTest setUp
信息: Vehicle{name=Vehicle2, procState=UNAVAILABLE, integrationLevel=TO_BE_RESPECTED, state=UNKNOWN, energyLevel=100, currentPosition=null, precisePosition=null, orientationAngle=NaN, nextPosition=null, loadHandlingDevices=[], length=1000, adapterState=UNKNOWN, transportOrder=null, routeProgressIndex=-1, orderSequence=null, energyLevelGood=90, energyLevelCritical=30, energyLevelFullyRecharged=90, energyLevelSufficientlyRecharged=30, maxVelocity=1000, maxReverseVelocity=1000, rechargeOperation=CHARGE, processableCategories=[*]}
三月 15, 2019 1:47:03 下午 org.opentcs.kernel.extensions.controlcenter.vehicles.AttachmentManager attachAdapterToVehicle
警告: No vehicle entry found for 'UnknownVehicle'. Entries: org.opentcs.kernel.extensions.controlcenter.vehicles.VehicleEntryPool@3f69800a
三月 15, 2019 1:47:03 下午 org.opentcs.kernel.extensions.controlcenter.vehicles.AttachmentManager autoAttachAdapterToVehicle
警告: Couldn't attach preferred adapter org.opentcs.kernel.extensions.controlcenter.vehicles.AttachmentManagerTest$SimpleCommAdapterFactory to Vehicle2.  Attaching first available adapter.
三月 15, 2019 1:47:03 下午 org.opentcs.kernel.extensions.controlcenter.vehicles.AttachmentManagerTest setUp
信息: Vehicle{name=Vehicle1, procState=UNAVAILABLE, integrationLevel=TO_BE_RESPECTED, state=UNKNOWN, energyLevel=100, currentPosition=null, precisePosition=null, orientationAngle=NaN, nextPosition=null, loadHandlingDevices=[], length=1000, adapterState=UNKNOWN, transportOrder=null, routeProgressIndex=-1, orderSequence=null, energyLevelGood=90, energyLevelCritical=30, energyLevelFullyRecharged=90, energyLevelSufficientlyRecharged=30, maxVelocity=1000, maxReverseVelocity=1000, rechargeOperation=CHARGE, processableCategories=[*]}
三月 15, 2019 1:47:03 下午 org.opentcs.kernel.extensions.controlcenter.vehicles.AttachmentManagerTest setUp
信息: Vehicle{name=Vehicle2, procState=UNAVAILABLE, integrationLevel=TO_BE_RESPECTED, state=UNKNOWN, energyLevel=100, currentPosition=null, precisePosition=null, orientationAngle=NaN, nextPosition=null, loadHandlingDevices=[], length=1000, adapterState=UNKNOWN, transportOrder=null, routeProgressIndex=-1, orderSequence=null, energyLevelGood=90, energyLevelCritical=30, energyLevelFullyRecharged=90, energyLevelSufficientlyRecharged=30, maxVelocity=1000, maxReverseVelocity=1000, rechargeOperation=CHARGE, processableCategories=[*]}
三月 15, 2019 1:47:03 下午 org.opentcs.kernel.extensions.controlcenter.vehicles.AttachmentManager autoAttachAdapterToVehicle
警告: Couldn't attach preferred adapter org.opentcs.kernel.extensions.controlcenter.vehicles.AttachmentManagerTest$SimpleCommAdapterFactory to Vehicle2.  Attaching first available adapter.
三月 15, 2019 1:47:03 下午 org.opentcs.kernel.extensions.controlcenter.vehicles.AttachmentManagerTest setUp
信息: Vehicle{name=Vehicle1, procState=UNAVAILABLE, integrationLevel=TO_BE_RESPECTED, state=UNKNOWN, energyLevel=100, currentPosition=null, precisePosition=null, orientationAngle=NaN, nextPosition=null, loadHandlingDevices=[], length=1000, adapterState=UNKNOWN, transportOrder=null, routeProgressIndex=-1, orderSequence=null, energyLevelGood=90, energyLevelCritical=30, energyLevelFullyRecharged=90, energyLevelSufficientlyRecharged=30, maxVelocity=1000, maxReverseVelocity=1000, rechargeOperation=CHARGE, processableCategories=[*]}
三月 15, 2019 1:47:03 下午 org.opentcs.kernel.extensions.controlcenter.vehicles.AttachmentManagerTest setUp
信息: Vehicle{name=Vehicle2, procState=UNAVAILABLE, integrationLevel=TO_BE_RESPECTED, state=UNKNOWN, energyLevel=100, currentPosition=null, precisePosition=null, orientationAngle=NaN, nextPosition=null, loadHandlingDevices=[], length=1000, adapterState=UNKNOWN, transportOrder=null, routeProgressIndex=-1, orderSequence=null, energyLevelGood=90, energyLevelCritical=30, energyLevelFullyRecharged=90, energyLevelSufficientlyRecharged=30, maxVelocity=1000, maxReverseVelocity=1000, rechargeOperation=CHARGE, processableCategories=[*]}
]]></system-err>
</testsuite>
