<?xml version="1.0" encoding="UTF-8"?>
<testsuite name="org.opentcs.documentation.WithdrawTransportOrderTest" tests="2" skipped="0" failures="0" errors="0" timestamp="2019-03-15T05:47:02" hostname="fuzy" time="0.037">
  <properties/>
  <testcase name="shouldWithdrawTransportOrder" classname="org.opentcs.documentation.WithdrawTransportOrderTest" time="0.036"/>
  <testcase name="shouldWithdrawTransportOrderByVehicle" classname="org.opentcs.documentation.WithdrawTransportOrderTest" time="0.001"/>
  <system-out><![CDATA[]]></system-out>
  <system-err><![CDATA[]]></system-err>
</testsuite>
