<?xml version="1.0" encoding="UTF-8"?>
<testsuite name="org.opentcs.kernel.KernelStateOperatingTest" tests="4" skipped="0" failures="0" errors="0" timestamp="2019-03-15T05:47:03" hostname="fuzy" time="1.661">
  <properties/>
  <testcase name="shouldInitializeExtensionsAndComponents" classname="org.opentcs.kernel.KernelStateOperatingTest" time="0.622"/>
  <testcase name="terminateKernelWithVehiclesAsUnavailable" classname="org.opentcs.kernel.KernelStateOperatingTest" time="0.514"/>
  <testcase name="initializeKernelWithVehiclesAsUnavailable" classname="org.opentcs.kernel.KernelStateOperatingTest" time="0.013"/>
  <testcase name="shouldTerminateExtensionsAndComponents" classname="org.opentcs.kernel.KernelStateOperatingTest" time="0.511"/>
  <system-out><![CDATA[]]></system-out>
  <system-err><![CDATA[]]></system-err>
</testsuite>
