<?xml version="1.0" encoding="UTF-8"?>
<testsuite name="org.opentcs.kernel.workingset.NotificationBufferTest" tests="2" skipped="0" failures="0" errors="0" timestamp="2019-03-15T05:47:03" hostname="fuzy" time="0.021">
  <properties/>
  <testcase name="testCapacityAndCutBackCount" classname="org.opentcs.kernel.workingset.NotificationBufferTest" time="0.019"/>
  <testcase name="testMessageCountValidity" classname="org.opentcs.kernel.workingset.NotificationBufferTest" time="0.002"/>
  <system-out><![CDATA[]]></system-out>
  <system-err><![CDATA[]]></system-err>
</testsuite>
